<?xml version="1.0" encoding="UTF-8"?>
<testng-results ignored="0" total="0" passed="0" failed="0" skipped="0">
  <reporter-output>
  </reporter-output>
  <suite started-at="2024-02-11T22:25:55 IST" name="Surefire suite" finished-at="2024-02-11T22:26:08 IST" duration-ms="12500">
    <groups>
    </groups>
    <test started-at="2024-02-11T22:25:55 IST" name="Surefire test" finished-at="2024-02-11T22:26:08 IST" duration-ms="12500">
      <class name="Base.TestBase">
        <test-method is-config="true" signature="setup()[pri:0, instance:Base.TestBase@691a7f8f]" started-at="2024-02-11T22:25:55 IST" name="setup" finished-at="2024-02-11T22:26:07 IST" duration-ms="12063" status="PASS">
          <reporter-output>
          </reporter-output>
        </test-method> <!-- setup -->
        <test-method is-config="true" signature="teardown()[pri:0, instance:Base.TestBase@691a7f8f]" started-at="2024-02-11T22:26:07 IST" name="teardown" finished-at="2024-02-11T22:26:08 IST" duration-ms="419" status="PASS">
          <reporter-output>
          </reporter-output>
        </test-method> <!-- teardown -->
      </class> <!-- Base.TestBase -->
    </test> <!-- Surefire test -->
  </suite> <!-- Surefire suite -->
</testng-results>
