<?xml version="1.0" encoding="UTF-8"?>
<testng-results ignored="0" total="1" passed="1" failed="0" skipped="0">
  <reporter-output>
  </reporter-output>
  <suite started-at="2024-02-11T22:18:47 IST" name="Suite" finished-at="2024-02-11T22:19:01 IST" duration-ms="14199">
    <groups>
    </groups>
    <test started-at="2024-02-11T22:18:47 IST" name="Test" finished-at="2024-02-11T22:19:01 IST" duration-ms="14199">
      <class name="TestCases.TC_1_VerifySignInWithInvalidCredentials">
        <test-method is-config="true" signature="setup()[pri:0, instance:TestCases.TC_1_VerifySignInWithInvalidCredentials@7fa98a66]" started-at="2024-02-11T22:18:47 IST" name="setup" finished-at="2024-02-11T22:18:56 IST" duration-ms="9158" status="PASS">
          <reporter-output>
          </reporter-output>
        </test-method> <!-- setup -->
        <test-method signature="test1()[pri:0, instance:TestCases.TC_1_VerifySignInWithInvalidCredentials@7fa98a66]" started-at="2024-02-11T22:18:56 IST" name="test1" finished-at="2024-02-11T22:19:01 IST" duration-ms="4622" status="PASS">
          <reporter-output>
          </reporter-output>
        </test-method> <!-- test1 -->
        <test-method is-config="true" signature="teardown()[pri:0, instance:TestCases.TC_1_VerifySignInWithInvalidCredentials@7fa98a66]" started-at="2024-02-11T22:19:01 IST" name="teardown" finished-at="2024-02-11T22:19:01 IST" duration-ms="375" status="PASS">
          <reporter-output>
          </reporter-output>
        </test-method> <!-- teardown -->
      </class> <!-- TestCases.TC_1_VerifySignInWithInvalidCredentials -->
    </test> <!-- Test -->
  </suite> <!-- Suite -->
</testng-results>
